-------------------------------------------------------------------------------
Test set: rest_with_spring_boot_and_java.unittests.services.BookServicesTest
-------------------------------------------------------------------------------
Tests run: 7, Failures: 1, Errors: 0, Skipped: 0, Time elapsed: 3.435 s <<< FAILURE! -- in rest_with_spring_boot_and_java.unittests.services.BookServicesTest
rest_with_spring_boot_and_java.unittests.services.BookServicesTest.findAll -- Time elapsed: 0.014 s <<< FAILURE!
org.opentest4j.AssertionFailedError: expected: <14> but was: <0>
	at org.junit.jupiter.api.AssertionFailureBuilder.build(AssertionFailureBuilder.java:151)
	at org.junit.jupiter.api.AssertionFailureBuilder.buildAndThrow(AssertionFailureBuilder.java:132)
	at org.junit.jupiter.api.AssertEquals.failNotEqual(AssertEquals.java:197)
	at org.junit.jupiter.api.AssertEquals.assertEquals(AssertEquals.java:150)
	at org.junit.jupiter.api.AssertEquals.assertEquals(AssertEquals.java:145)
	at org.junit.jupiter.api.Assertions.assertEquals(Assertions.java:531)
	at rest_with_spring_boot_and_java.unittests.services.BookServicesTest.findAll(BookServicesTest.java:256)
	at java.base/java.lang.reflect.Method.invoke(Method.java:565)
	at java.base/java.util.ArrayList.forEach(ArrayList.java:1604)
	at java.base/java.util.ArrayList.forEach(ArrayList.java:1604)

